070599
130104
130230
160120
160229
130105
160113
070632
070604
070506
070552
160214
130152
160309
160312
160301
050120
050114
050105
050111
160208
050209
070520
070607
160512
070556
050249
130101
050123
050126
050125
050244
050213
160308
160327
050248
160420
130229
160129
130238
130223
160104
160103
160423
160404
160236
160212
160419
050102
160202
130246
130227
130150
130134
130217
130109
130209
130224
130207
130232
070619
070629
160230
130225
130234
130206
160510
160107
130102
130113
160435
160513
160521
160516
050129
160310
070655
070581
0705108
070522
070545
070532
0705101
160418
160416
160405
160412
130202
130231
160130
160128
160135
160407
050207
130130
160114
130205
130203
130235
130214
050150
210508
160118
160517
070509
160108
130212
070526
0706112
070543
130160
050107
080161
080131
080106
080594
080128
080118
080311
080314
080304
080583
080306
080310
080130
080907
080933
080503
080109
080139
080115
080914
080588
080589
080587
080913
080501
080586
080519
080513
080506
080521
080580
080579
080156
080134
080112
080122
080908
080915
080551
080512
080123
080133
080934
080110
080911
080108
080601
080531
080905
080302
080532
080127
140305
120140
140217
170140
140145
140114
140303
140104
140144
140206
140157
140173
140203
140116
140100
140201
140110
140196
140171
140106
140207
140197
140102
140205
140198
140290
140138
140101
030554
030818
030808
030511
030517
030308
030508
030810
030505
030800
030811
030823
030809
030555
030501
030503
030561
030601
030602
030309
030820
030520
030521
030507
030560
030509
030552
030515
030305
030500
020145
020132
020127
020129
020117
020108
020136
020157
020121
020113
180201
020122
020158
020133
020139
020102
020109
020131
020135
020114
030105
110118
0101150
110312
110107
110117
030114
110324
110301
110133
110219
0101181
0101286
0101267
0101283
110201
030108
020228
120120
120207
120121
1201203
1201201
120187
120143
120186
120176
120202
1201204
120125
120122
120135
1201200
120134
120118
1201202
120107
120162
120189
120170
120177
120117
120194
120161
110114
110303
030113
030125
030445
030424
030427
110321
030465
020214
110402
110119
0304152
110214
030429
030111
110212
030218
030107
030323
110124
110313
030128
030216
030300
030313
030466
0304162
0304151
030417
0304161
030220
030221
030224
030400
030316
110322
030119
030127
030416
110123
030364
0101284
0101281
0101282
0101287
0101285
030208
030473
030217
030318
030317
110403
030213
0304155
0304157
110120
030447
110128
110104
110131
030120
030122
030436
030410
110121
110320
110221
030439
110216
030123
110103
0304153
030226
030207
030203
030209
030240
030304
030312
030314
030303
030315
030324
030116
030442
030441
030443
0304165
030444
0304101
030115
110300
110200
0304154
020109603
020110103
020209603
020210103
030409603
030510103
030530103
030533203
070511103
090111003
090121103
090130903
140110303
140110703
140120003
140121603
140121903
140137703
140137803
140142503
140142803
140233003
140233103
140234003
140234103
140345203
140345303
140345703
140346003
140346103
150110003
170119
210107
210406
210309
210312
210701
120160
120101
120132
120200
210408
210505
170133
210702
210104
170122
210706
210506
210112
210211
210206
210204
170130
210109
210305
210906
210707
210705
210511
210510
210907
210902
210901
210904
210108
210120
210513
210905
210703
210119
210212
210227
210903
210102
210101
210210
210504
210207
210201
210208
210116
210103
170111
210301
210118
210403
210401
210405
210402
170131
210304
210311
210203
210507
210410
210404
210407
170105
170112
170124
170104
210310
210302
210308
210306
210307
210313
170135
170106
210205
210209
210111
170153
170150
170100
170154
170123
170155
170125
210200
210170
140120703
020274
040360
040377
040369
040222
040353
020272
020250
040510
040519
040340
040204
040249
040518
040370
040148
040133
040124
040122
040260
040214
040611
040309
040427
040206
040138
040303
040612
040376
040320
040144
020249
020239
040366
180103
040150
040135
040378
040334
040613
040368
040227
040247
040108
020219
020920
020915
020278
020226
180100
040515
040520
040300
040100
040400
040318
040200
020276
020275
040236
040213
040328
020255
040418
020230
020905
020235
020918
040120
040107
040428
180202
180206
180205
180204
180101
020919
020910
040235
020211
020232
180200
040425
040132
040217
040209
040417
040426
040505
040500
040316
040315
040202
040514
040113
040512
040319
040151
040401
040407
040419
040375
040372
040379
020277
040142
020212
020241
040256
020227
040234
040219
040261
040517
040600
180102